2020-06-04 17:13:45,296 INFO SystemLog4J2 [main] Соединение с СУБД выполнено. 
2020-06-04 17:13:45,484 INFO SystemLog4J2 [main] Соединение с СУБД выполнено. 
2020-06-04 17:13:45,489 ERROR SystemLog4J2 [main] Запрос не вернул результатов. 
2020-06-04 17:13:45,495 ERROR SystemLog4J2 [main] Запрос не вернул результатов. 
2020-06-04 17:13:45,541 INFO SystemLog4J2 [main] Соединение с СУБД выполнено. 
2020-06-04 17:13:45,543 ERROR SystemLog4J2 [main] ОШИБКА: ошибка синтаксиса (примерное положение: "=")
  Позиция: 29 
2020-06-04 17:13:45,546 ERROR SystemLog4J2 [main] ОШИБКА: INSERT или UPDATE в таблице "shop" нарушает ограничение внешнего ключа "order_shop_fk"
  Подробности: Ключ (order_id)=(0) отсутствует в таблице "order". 
2020-06-04 17:13:45,589 INFO SystemLog4J2 [main] Соединение с СУБД закрыто. 
2020-06-04 17:21:57,703 INFO SystemLog4J2 [main] Соединение с СУБД выполнено. 
2020-06-04 17:22:03,466 INFO SystemLog4J2 [main] Соединение с СУБД выполнено. 
2020-06-04 17:22:03,475 ERROR SystemLog4J2 [main] Запрос не вернул результатов. 
2020-06-04 17:22:03,482 ERROR SystemLog4J2 [main] Запрос не вернул результатов. 
2020-06-04 17:22:26,598 INFO SystemLog4J2 [main] Соединение с СУБД выполнено. 
2020-06-04 17:22:26,782 INFO SystemLog4J2 [main] Соединение с СУБД выполнено. 
2020-06-04 17:22:26,788 ERROR SystemLog4J2 [main] Запрос не вернул результатов. 
2020-06-04 17:22:26,794 ERROR SystemLog4J2 [main] Запрос не вернул результатов. 
2020-06-04 17:22:42,557 INFO SystemLog4J2 [main] Соединение с СУБД выполнено. 
2020-06-04 17:22:42,737 INFO SystemLog4J2 [main] Соединение с СУБД выполнено. 
2020-06-04 17:22:42,742 ERROR SystemLog4J2 [main] Запрос не вернул результатов. 
2020-06-04 17:22:42,748 ERROR SystemLog4J2 [main] Запрос не вернул результатов. 
2020-06-04 17:22:42,795 INFO SystemLog4J2 [main] Соединение с СУБД выполнено. 
2020-06-04 17:22:42,797 ERROR SystemLog4J2 [main] ОШИБКА: ошибка синтаксиса (примерное положение: "order")
  Позиция: 16 
2020-06-04 17:22:42,799 ERROR SystemLog4J2 [main] ОШИБКА: INSERT или UPDATE в таблице "shop" нарушает ограничение внешнего ключа "order_shop_fk"
  Подробности: Ключ (order_id)=(0) отсутствует в таблице "order". 
2020-06-04 17:22:42,842 INFO SystemLog4J2 [main] Соединение с СУБД закрыто. 
2020-06-04 17:23:46,223 INFO SystemLog4J2 [main] Соединение с СУБД выполнено. 
2020-06-04 17:23:46,405 INFO SystemLog4J2 [main] Соединение с СУБД выполнено. 
2020-06-04 17:23:46,410 ERROR SystemLog4J2 [main] Запрос не вернул результатов. 
2020-06-04 17:23:46,415 ERROR SystemLog4J2 [main] Запрос не вернул результатов. 
2020-06-04 17:23:46,464 INFO SystemLog4J2 [main] Соединение с СУБД выполнено. 
2020-06-04 17:23:46,512 INFO SystemLog4J2 [main] Соединение с СУБД закрыто. 
2020-06-04 17:23:56,321 INFO SystemLog4J2 [main] Соединение с СУБД выполнено. 
2020-06-04 17:23:56,553 INFO SystemLog4J2 [main] Соединение с СУБД выполнено. 
2020-06-04 17:23:56,558 ERROR SystemLog4J2 [main] Запрос не вернул результатов. 
2020-06-04 17:23:56,564 ERROR SystemLog4J2 [main] Запрос не вернул результатов. 
2020-06-04 17:23:56,610 INFO SystemLog4J2 [main] Соединение с СУБД выполнено. 
2020-06-04 17:23:56,656 INFO SystemLog4J2 [main] Соединение с СУБД закрыто. 
2020-06-05 09:34:17,772 INFO SystemLog4J2 [main] Соединение с СУБД выполнено. 
2020-06-05 09:34:17,972 INFO SystemLog4J2 [main] Соединение с СУБД выполнено. 
2020-06-05 09:34:17,977 ERROR SystemLog4J2 [main] Запрос не вернул результатов. 
2020-06-05 09:34:18,024 INFO SystemLog4J2 [main] Соединение с СУБД выполнено. 
2020-06-05 09:34:18,026 ERROR SystemLog4J2 [main] Запрос не вернул результатов. 
2020-06-05 09:34:18,078 INFO SystemLog4J2 [main] Соединение с СУБД выполнено. 
2020-06-05 09:34:18,127 INFO SystemLog4J2 [main] Соединение с СУБД закрыто. 
2020-06-05 09:36:07,149 INFO SystemLog4J2 [main] Соединение с СУБД выполнено. 
2020-06-05 09:36:07,184 ERROR SystemLog4J2 [main] ОШИБКА: ошибка синтаксиса (примерное положение: "PRECICISION")
  Позиция: 139 
2020-06-05 09:36:07,317 INFO SystemLog4J2 [main] Соединение с СУБД выполнено. 
2020-06-05 09:36:07,319 ERROR SystemLog4J2 [main] Запрос не вернул результатов. 
2020-06-05 09:36:07,362 INFO SystemLog4J2 [main] Соединение с СУБД выполнено. 
2020-06-05 09:36:07,364 ERROR SystemLog4J2 [main] Запрос не вернул результатов. 
2020-06-05 09:36:07,413 INFO SystemLog4J2 [main] Соединение с СУБД выполнено. 
2020-06-05 09:36:07,462 INFO SystemLog4J2 [main] Соединение с СУБД закрыто. 
2020-06-05 09:36:18,984 INFO SystemLog4J2 [main] Соединение с СУБД выполнено. 
2020-06-05 09:36:19,024 ERROR SystemLog4J2 [main] ОШИБКА: тип "double" не существует
  Позиция: 132 
2020-06-05 09:36:19,139 INFO SystemLog4J2 [main] Соединение с СУБД выполнено. 
2020-06-05 09:36:19,141 ERROR SystemLog4J2 [main] Запрос не вернул результатов. 
2020-06-05 09:36:19,179 INFO SystemLog4J2 [main] Соединение с СУБД выполнено. 
2020-06-05 09:36:19,181 ERROR SystemLog4J2 [main] Запрос не вернул результатов. 
2020-06-05 09:36:19,225 INFO SystemLog4J2 [main] Соединение с СУБД выполнено. 
2020-06-05 09:36:19,272 INFO SystemLog4J2 [main] Соединение с СУБД закрыто. 
2020-06-05 09:38:37,199 INFO SystemLog4J2 [main] Соединение с СУБД выполнено. 
2020-06-05 09:38:37,397 INFO SystemLog4J2 [main] Соединение с СУБД выполнено. 
2020-06-05 09:38:37,402 ERROR SystemLog4J2 [main] Запрос не вернул результатов. 
2020-06-05 09:38:37,448 INFO SystemLog4J2 [main] Соединение с СУБД выполнено. 
2020-06-05 09:38:37,450 ERROR SystemLog4J2 [main] Запрос не вернул результатов. 
2020-06-05 09:38:37,502 INFO SystemLog4J2 [main] Соединение с СУБД выполнено. 
2020-06-05 09:38:37,552 INFO SystemLog4J2 [main] Соединение с СУБД закрыто. 
2020-06-05 09:46:34,529 INFO SystemLog4J2 [main] Соединение с СУБД выполнено. 
2020-06-05 09:46:35,428 INFO SystemLog4J2 [main] Соединение с СУБД выполнено. 
2020-06-05 09:46:35,434 ERROR SystemLog4J2 [main] Запрос не вернул результатов. 
2020-06-05 09:46:35,474 INFO SystemLog4J2 [main] Соединение с СУБД выполнено. 
2020-06-05 09:46:35,476 ERROR SystemLog4J2 [main] Запрос не вернул результатов. 
2020-06-05 09:46:35,522 INFO SystemLog4J2 [main] Соединение с СУБД выполнено. 
2020-06-05 09:46:35,563 INFO SystemLog4J2 [main] Соединение с СУБД выполнено. 
2020-06-05 09:46:35,567 ERROR SystemLog4J2 [main] ОШИБКА: оператор не существует: bigint = text
  Подсказка: Оператор с данными именем и типами аргументов не найден. Возможно, вам следует добавить явные приведения типов.
  Позиция: 31 
2020-06-05 09:46:35,606 INFO SystemLog4J2 [main] Соединение с СУБД выполнено. 
2020-06-05 09:46:35,609 ERROR SystemLog4J2 [main] ОШИБКА: оператор не существует: bigint = text
  Подсказка: Оператор с данными именем и типами аргументов не найден. Возможно, вам следует добавить явные приведения типов.
  Позиция: 32 
2020-06-05 09:46:35,613 ERROR SystemLog4J2 [main] ОШИБКА: INSERT или UPDATE в таблице "order" нарушает ограничение внешнего ключа "product_order_fk"
  Подробности: Ключ (product_id)=(0) отсутствует в таблице "product". 
2020-06-05 09:46:35,653 INFO SystemLog4J2 [main] Соединение с СУБД выполнено. 
2020-06-05 09:46:35,704 INFO SystemLog4J2 [main] Соединение с СУБД закрыто. 
2020-06-05 09:50:05,073 INFO SystemLog4J2 [main] Соединение с СУБД выполнено. 
2020-06-05 09:50:05,164 ERROR SystemLog4J2 [main] ОШИБКА: ограничение внешнего ключа "order_shop_fk" нельзя реализовать
  Подробности: Столбцы ключа "order_id" и "id" имеют несовместимые типы: character varying и bigint. 
2020-06-05 09:50:05,278 INFO SystemLog4J2 [main] Соединение с СУБД выполнено. 
2020-06-05 09:50:05,281 ERROR SystemLog4J2 [main] Запрос не вернул результатов. 
2020-06-05 09:50:05,324 INFO SystemLog4J2 [main] Соединение с СУБД выполнено. 
2020-06-05 09:50:05,326 ERROR SystemLog4J2 [main] Запрос не вернул результатов. 
2020-06-05 09:50:05,370 INFO SystemLog4J2 [main] Соединение с СУБД выполнено. 
2020-06-05 09:50:05,511 INFO SystemLog4J2 [main] Соединение с СУБД выполнено. 
2020-06-05 09:50:05,514 ERROR SystemLog4J2 [main] ОШИБКА: оператор не существует: bigint = text
  Подсказка: Оператор с данными именем и типами аргументов не найден. Возможно, вам следует добавить явные приведения типов.
  Позиция: 31 
2020-06-05 09:50:05,555 INFO SystemLog4J2 [main] Соединение с СУБД выполнено. 
2020-06-05 09:50:05,558 ERROR SystemLog4J2 [main] ОШИБКА: оператор не существует: bigint = text
  Подсказка: Оператор с данными именем и типами аргументов не найден. Возможно, вам следует добавить явные приведения типов.
  Позиция: 32 
2020-06-05 09:50:05,562 ERROR SystemLog4J2 [main] ОШИБКА: INSERT или UPDATE в таблице "order" нарушает ограничение внешнего ключа "product_order_fk"
  Подробности: Ключ (product_id)=(0) отсутствует в таблице "product". 
2020-06-05 09:50:05,603 INFO SystemLog4J2 [main] Соединение с СУБД выполнено. 
2020-06-05 09:50:05,653 INFO SystemLog4J2 [main] Соединение с СУБД закрыто. 
2020-06-05 09:51:55,288 INFO SystemLog4J2 [main] Соединение с СУБД выполнено. 
2020-06-05 09:51:55,472 INFO SystemLog4J2 [main] Соединение с СУБД выполнено. 
2020-06-05 09:51:55,477 ERROR SystemLog4J2 [main] Запрос не вернул результатов. 
2020-06-05 09:51:55,516 INFO SystemLog4J2 [main] Соединение с СУБД выполнено. 
2020-06-05 09:51:55,518 ERROR SystemLog4J2 [main] Запрос не вернул результатов. 
2020-06-05 09:51:55,566 INFO SystemLog4J2 [main] Соединение с СУБД выполнено. 
2020-06-05 09:51:55,604 INFO SystemLog4J2 [main] Соединение с СУБД выполнено. 
2020-06-05 09:51:55,648 INFO SystemLog4J2 [main] Соединение с СУБД выполнено. 
2020-06-05 09:51:55,696 INFO SystemLog4J2 [main] Соединение с СУБД выполнено. 
2020-06-05 09:51:55,743 INFO SystemLog4J2 [main] Соединение с СУБД закрыто. 
2020-06-05 09:58:47,357 INFO SystemLog4J2 [main] Соединение с СУБД выполнено. 
2020-06-05 09:58:47,550 INFO SystemLog4J2 [main] Соединение с СУБД выполнено. 
2020-06-05 09:58:47,556 ERROR SystemLog4J2 [main] Запрос не вернул результатов. 
2020-06-05 09:58:47,595 INFO SystemLog4J2 [main] Соединение с СУБД выполнено. 
2020-06-05 09:58:47,598 ERROR SystemLog4J2 [main] Запрос не вернул результатов. 
2020-06-05 09:58:47,647 INFO SystemLog4J2 [main] Соединение с СУБД выполнено. 
2020-06-05 09:58:47,685 INFO SystemLog4J2 [main] Соединение с СУБД выполнено. 
2020-06-05 09:58:47,730 INFO SystemLog4J2 [main] Соединение с СУБД выполнено. 
2020-06-05 09:58:47,738 ERROR SystemLog4J2 [main] Запрос не вернул результатов. 
2020-06-05 09:58:47,778 INFO SystemLog4J2 [main] Соединение с СУБД выполнено. 
2020-06-05 09:58:47,817 INFO SystemLog4J2 [main] Соединение с СУБД выполнено. 
2020-06-05 09:58:47,822 ERROR SystemLog4J2 [main] Запрос не вернул результатов. 
2020-06-05 09:58:47,867 INFO SystemLog4J2 [main] Соединение с СУБД закрыто. 
2020-06-05 10:56:24,957 INFO SystemLog4J2 [main] Соединение с СУБД выполнено. 
2020-06-05 10:56:25,171 INFO SystemLog4J2 [main] Соединение с СУБД выполнено. 
2020-06-05 10:56:25,177 ERROR SystemLog4J2 [main] Запрос не вернул результатов. 
2020-06-05 10:56:25,223 INFO SystemLog4J2 [main] Соединение с СУБД выполнено. 
2020-06-05 10:56:25,226 ERROR SystemLog4J2 [main] Запрос не вернул результатов. 
2020-06-05 10:56:25,267 INFO SystemLog4J2 [main] Соединение с СУБД выполнено. 
2020-06-05 10:56:25,311 INFO SystemLog4J2 [main] Соединение с СУБД выполнено. 
2020-06-05 10:56:25,351 INFO SystemLog4J2 [main] Соединение с СУБД выполнено. 
2020-06-05 10:56:25,395 INFO SystemLog4J2 [main] Соединение с СУБД выполнено. 
2020-06-05 10:56:25,402 ERROR SystemLog4J2 [main] Запрос не вернул результатов. 
2020-06-05 10:56:25,444 INFO SystemLog4J2 [main] Соединение с СУБД выполнено. 
2020-06-05 10:56:25,484 INFO SystemLog4J2 [main] Соединение с СУБД выполнено. 
2020-06-05 10:56:25,490 ERROR SystemLog4J2 [main] Запрос не вернул результатов. 
2020-06-05 10:56:25,533 INFO SystemLog4J2 [main] Соединение с СУБД выполнено. 
2020-06-05 10:56:25,579 INFO SystemLog4J2 [main] Соединение с СУБД выполнено. 
2020-06-05 11:15:45,658 INFO SystemLog4J2 [main] Соединение с СУБД выполнено. 
2020-06-05 11:16:18,083 INFO SystemLog4J2 [main] Соединение с СУБД выполнено. 
2020-06-05 11:17:21,789 INFO SystemLog4J2 [main] Соединение с СУБД выполнено. 
2020-06-05 11:18:59,352 INFO SystemLog4J2 [main] Соединение с СУБД выполнено. 
2020-06-05 11:19:48,371 INFO SystemLog4J2 [main] Соединение с СУБД выполнено. 
2020-06-05 11:20:46,806 INFO SystemLog4J2 [main] Соединение с СУБД выполнено. 
2020-06-05 11:20:46,870 INFO SystemLog4J2 [main] Соединение с СУБД выполнено. 
2020-06-05 13:07:28,481 INFO SystemLog4J2 [main] Соединение с СУБД выполнено. 
2020-06-05 13:07:28,528 INFO SystemLog4J2 [main] Соединение с СУБД выполнено. 
2020-06-05 13:07:28,585 INFO SystemLog4J2 [main] Соединение с СУБД выполнено. 
2020-06-05 13:07:28,630 INFO SystemLog4J2 [main] Соединение с СУБД выполнено. 
2020-06-05 13:07:28,671 INFO SystemLog4J2 [main] Соединение с СУБД выполнено. 
2020-06-05 13:10:37,957 INFO SystemLog4J2 [main] Соединение с СУБД выполнено. 
2020-06-05 13:10:38,003 INFO SystemLog4J2 [main] Соединение с СУБД выполнено. 
2020-06-05 13:10:38,061 INFO SystemLog4J2 [main] Соединение с СУБД выполнено. 
2020-06-05 13:11:35,185 INFO SystemLog4J2 [main] Соединение с СУБД выполнено. 
2020-06-05 13:11:35,244 INFO SystemLog4J2 [main] Соединение с СУБД выполнено. 
2020-06-05 13:11:35,314 INFO SystemLog4J2 [main] Соединение с СУБД выполнено. 
2020-06-05 13:12:05,748 INFO SystemLog4J2 [main] Соединение с СУБД выполнено. 
2020-06-05 13:12:05,794 INFO SystemLog4J2 [main] Соединение с СУБД выполнено. 
2020-06-05 13:12:05,853 INFO SystemLog4J2 [main] Соединение с СУБД выполнено. 
2020-06-05 13:14:00,008 INFO SystemLog4J2 [main] Соединение с СУБД выполнено. 
2020-06-05 13:41:05,078 INFO SystemLog4J2 [main] Соединение с СУБД выполнено. 
2020-06-05 13:41:56,477 INFO SystemLog4J2 [main] Соединение с СУБД выполнено. 
2020-06-05 13:42:15,299 INFO SystemLog4J2 [main] Соединение с СУБД выполнено. 
2020-06-05 13:42:24,337 INFO SystemLog4J2 [main] Соединение с СУБД выполнено. 
2020-06-05 13:42:36,612 INFO SystemLog4J2 [main] Соединение с СУБД выполнено. 
2020-06-05 13:42:49,729 INFO SystemLog4J2 [main] Соединение с СУБД выполнено. 
2020-06-05 13:43:11,233 INFO SystemLog4J2 [main] Соединение с СУБД выполнено. 
2020-06-05 13:45:23,085 INFO SystemLog4J2 [main] Соединение с СУБД выполнено. 
2020-06-05 13:46:22,211 INFO SystemLog4J2 [main] Соединение с СУБД выполнено. 
2020-06-05 13:46:36,401 INFO SystemLog4J2 [main] Соединение с СУБД выполнено. 
2020-06-05 13:49:23,957 INFO SystemLog4J2 [main] Соединение с СУБД выполнено. 
2020-06-05 13:53:18,342 INFO SystemLog4J2 [main] Соединение с СУБД выполнено. 
2020-06-05 13:59:33,037 INFO SystemLog4J2 [main] Соединение с СУБД выполнено. 
2020-06-05 13:59:54,762 INFO SystemLog4J2 [main] Соединение с СУБД выполнено. 
2020-06-05 14:02:06,197 INFO SystemLog4J2 [main] Соединение с СУБД выполнено. 
2020-06-05 14:03:07,903 INFO SystemLog4J2 [main] Соединение с СУБД выполнено. 
2020-06-05 14:11:29,990 INFO SystemLog4J2 [main] Соединение с СУБД выполнено. 
2020-06-05 14:14:09,922 INFO SystemLog4J2 [main] Соединение с СУБД выполнено. 
2020-06-05 14:27:53,147 INFO SystemLog4J2 [main] Соединение с СУБД выполнено. 
2020-06-05 14:27:53,194 INFO SystemLog4J2 [main] Соединение с СУБД выполнено. 
2020-06-05 14:27:53,255 INFO SystemLog4J2 [main] Соединение с СУБД выполнено. 
2020-06-05 14:27:53,304 INFO SystemLog4J2 [main] Соединение с СУБД выполнено. 
2020-06-05 14:27:53,345 INFO SystemLog4J2 [main] Соединение с СУБД выполнено. 
2020-06-05 14:27:53,397 INFO SystemLog4J2 [main] Соединение с СУБД выполнено. 
2020-06-05 14:27:53,435 INFO SystemLog4J2 [main] Соединение с СУБД выполнено. 
2020-06-05 14:27:53,476 INFO SystemLog4J2 [main] Соединение с СУБД выполнено. 
2020-06-05 14:27:53,516 INFO SystemLog4J2 [main] Соединение с СУБД выполнено. 
2020-06-05 14:27:53,557 INFO SystemLog4J2 [main] Соединение с СУБД выполнено. 
2020-06-05 14:27:53,601 INFO SystemLog4J2 [main] Соединение с СУБД выполнено. 
2020-06-05 14:29:37,528 INFO SystemLog4J2 [main] Соединение с СУБД выполнено. 
2020-06-05 14:29:41,536 INFO SystemLog4J2 [main] Соединение с СУБД выполнено. 
2020-06-05 14:29:41,612 INFO SystemLog4J2 [main] Соединение с СУБД выполнено. 
2020-06-05 14:29:41,665 INFO SystemLog4J2 [main] Соединение с СУБД выполнено. 
2020-06-05 14:29:41,706 INFO SystemLog4J2 [main] Соединение с СУБД выполнено. 
2020-06-05 14:29:41,755 INFO SystemLog4J2 [main] Соединение с СУБД выполнено. 
2020-06-05 14:29:41,794 INFO SystemLog4J2 [main] Соединение с СУБД выполнено. 
2020-06-05 14:29:41,835 INFO SystemLog4J2 [main] Соединение с СУБД выполнено. 
2020-06-05 14:29:41,876 INFO SystemLog4J2 [main] Соединение с СУБД выполнено. 
2020-06-05 14:29:41,917 INFO SystemLog4J2 [main] Соединение с СУБД выполнено. 
2020-06-05 14:29:41,960 INFO SystemLog4J2 [main] Соединение с СУБД выполнено. 
2020-06-05 14:29:59,263 INFO SystemLog4J2 [main] Соединение с СУБД выполнено. 
